Determining if the Q_WS_X11 exist failed with the following output:
Change Dir: /Users/jvimort/Desktop/tutos/tutorials/Qt/build/CMakeFiles/CMakeTmp

Run Build Command:"/usr/bin/make" "cmTryCompileExec1659775814/fast"
/Applications/Xcode.app/Contents/Developer/usr/bin/make -f CMakeFiles/cmTryCompileExec1659775814.dir/build.make CMakeFiles/cmTryCompileExec1659775814.dir/build
/Applications/CMake.app/Contents/bin/cmake -E cmake_progress_report /Users/jvimort/Desktop/tutos/tutorials/Qt/build/CMakeFiles/CMakeTmp/CMakeFiles 1
Building CXX object CMakeFiles/cmTryCompileExec1659775814.dir/CheckSymbolExists.cxx.o
/usr/bin/c++    -F/Library/Frameworks    -o CMakeFiles/cmTryCompileExec1659775814.dir/CheckSymbolExists.cxx.o -c /Users/jvimort/Desktop/tutos/tutorials/Qt/build/CMakeFiles/CMakeTmp/CheckSymbolExists.cxx
In file included from /Users/jvimort/Desktop/tutos/tutorials/Qt/build/CMakeFiles/CMakeTmp/CheckSymbolExists.cxx:2:
/Library/Frameworks/QtCore.framework/Headers/qglobal.h:331:6: warning: "This version of Mac OS X is unsupported" [-W#warnings]
#    warning "This version of Mac OS X is unsupported"
     ^
/Users/jvimort/Desktop/tutos/tutorials/Qt/build/CMakeFiles/CMakeTmp/CheckSymbolExists.cxx:8:19: error: use of undeclared identifier 'Q_WS_X11'
  return ((int*)(&Q_WS_X11))[argc];
                  ^
1 warning and 1 error generated.
make[1]: *** [CMakeFiles/cmTryCompileExec1659775814.dir/CheckSymbolExists.cxx.o] Error 1
make: *** [cmTryCompileExec1659775814/fast] Error 2

File /Users/jvimort/Desktop/tutos/tutorials/Qt/build/CMakeFiles/CMakeTmp/CheckSymbolExists.cxx:
/* */
#include <QtCore/qglobal.h>

int main(int argc, char** argv)
{
  (void)argv;
#ifndef Q_WS_X11
  return ((int*)(&Q_WS_X11))[argc];
#else
  (void)argc;
  return 0;
#endif
}

Determining if the Q_WS_WIN exist failed with the following output:
Change Dir: /Users/jvimort/Desktop/tutos/tutorials/Qt/build/CMakeFiles/CMakeTmp

Run Build Command:"/usr/bin/make" "cmTryCompileExec4091796038/fast"
/Applications/Xcode.app/Contents/Developer/usr/bin/make -f CMakeFiles/cmTryCompileExec4091796038.dir/build.make CMakeFiles/cmTryCompileExec4091796038.dir/build
/Applications/CMake.app/Contents/bin/cmake -E cmake_progress_report /Users/jvimort/Desktop/tutos/tutorials/Qt/build/CMakeFiles/CMakeTmp/CMakeFiles 1
Building CXX object CMakeFiles/cmTryCompileExec4091796038.dir/CheckSymbolExists.cxx.o
/usr/bin/c++    -F/Library/Frameworks    -o CMakeFiles/cmTryCompileExec4091796038.dir/CheckSymbolExists.cxx.o -c /Users/jvimort/Desktop/tutos/tutorials/Qt/build/CMakeFiles/CMakeTmp/CheckSymbolExists.cxx
In file included from /Users/jvimort/Desktop/tutos/tutorials/Qt/build/CMakeFiles/CMakeTmp/CheckSymbolExists.cxx:2:
/Library/Frameworks/QtCore.framework/Headers/qglobal.h:331:6: warning: "This version of Mac OS X is unsupported" [-W#warnings]
#    warning "This version of Mac OS X is unsupported"
     ^
/Users/jvimort/Desktop/tutos/tutorials/Qt/build/CMakeFiles/CMakeTmp/CheckSymbolExists.cxx:8:19: error: use of undeclared identifier 'Q_WS_WIN'
  return ((int*)(&Q_WS_WIN))[argc];
                  ^
1 warning and 1 error generated.
make[1]: *** [CMakeFiles/cmTryCompileExec4091796038.dir/CheckSymbolExists.cxx.o] Error 1
make: *** [cmTryCompileExec4091796038/fast] Error 2

File /Users/jvimort/Desktop/tutos/tutorials/Qt/build/CMakeFiles/CMakeTmp/CheckSymbolExists.cxx:
/* */
#include <QtCore/qglobal.h>

int main(int argc, char** argv)
{
  (void)argv;
#ifndef Q_WS_WIN
  return ((int*)(&Q_WS_WIN))[argc];
#else
  (void)argc;
  return 0;
#endif
}

Determining if the Q_WS_QWS exist failed with the following output:
Change Dir: /Users/jvimort/Desktop/tutos/tutorials/Qt/build/CMakeFiles/CMakeTmp

Run Build Command:"/usr/bin/make" "cmTryCompileExec2938493652/fast"
/Applications/Xcode.app/Contents/Developer/usr/bin/make -f CMakeFiles/cmTryCompileExec2938493652.dir/build.make CMakeFiles/cmTryCompileExec2938493652.dir/build
/Applications/CMake.app/Contents/bin/cmake -E cmake_progress_report /Users/jvimort/Desktop/tutos/tutorials/Qt/build/CMakeFiles/CMakeTmp/CMakeFiles 1
Building CXX object CMakeFiles/cmTryCompileExec2938493652.dir/CheckSymbolExists.cxx.o
/usr/bin/c++    -F/Library/Frameworks    -o CMakeFiles/cmTryCompileExec2938493652.dir/CheckSymbolExists.cxx.o -c /Users/jvimort/Desktop/tutos/tutorials/Qt/build/CMakeFiles/CMakeTmp/CheckSymbolExists.cxx
In file included from /Users/jvimort/Desktop/tutos/tutorials/Qt/build/CMakeFiles/CMakeTmp/CheckSymbolExists.cxx:2:
/Library/Frameworks/QtCore.framework/Headers/qglobal.h:331:6: warning: "This version of Mac OS X is unsupported" [-W#warnings]
#    warning "This version of Mac OS X is unsupported"
     ^
/Users/jvimort/Desktop/tutos/tutorials/Qt/build/CMakeFiles/CMakeTmp/CheckSymbolExists.cxx:8:19: error: use of undeclared identifier 'Q_WS_QWS'
  return ((int*)(&Q_WS_QWS))[argc];
                  ^
1 warning and 1 error generated.
make[1]: *** [CMakeFiles/cmTryCompileExec2938493652.dir/CheckSymbolExists.cxx.o] Error 1
make: *** [cmTryCompileExec2938493652/fast] Error 2

File /Users/jvimort/Desktop/tutos/tutorials/Qt/build/CMakeFiles/CMakeTmp/CheckSymbolExists.cxx:
/* */
#include <QtCore/qglobal.h>

int main(int argc, char** argv)
{
  (void)argv;
#ifndef Q_WS_QWS
  return ((int*)(&Q_WS_QWS))[argc];
#else
  (void)argc;
  return 0;
#endif
}

